# JRE version: Java(TM) SE Runtime Environment (20.0.1+9) (build 20.0.1+9-29)
# Java VM: Java HotSpot(TM) 64-Bit Server VM (20.0.1+9-29, mixed mode, sharing, tiered, compressed oops, compressed class ptrs, g1 gc, windows-amd64)
GC Precious Log:
 CardTable entry size: 512
 Card Set container configuration: InlinePtr #cards 5 size 8 Array Of Cards #cards 12 size 40 Howl #buckets 4 coarsen threshold 1843 Howl Bitmap #cards 512 size 80 coarsen threshold 460 Card regions per heap region 1 cards per card region 2048
 CPUs: 8 total, 8 available
 Memory: 7888M
 Large Page Support: Disabled
 NUMA Support: Disabled
 Compressed Oops: Enabled (32-bit)
 Heap Region Size: 1M
 Heap Min Capacity: 8M
 Heap Initial Capacity: 124M
 Heap Max Capacity: 1974M
 Pre-touch: Disabled
 Parallel Workers: 8
 Concurrent Workers: 2
 Concurrent Refinement Workers: 8
 Periodic GC: Disabled
Heap:
 garbage-first heap   total 61440K, used 42928K [0x0000000084a00000, 0x0000000100000000)
  region size 1024K, 14 young (14336K), 1 survivors (1024K)
 Metaspace       used 77245K, committed 77952K, reserved 1179648K
  class space    used 9851K, committed 10176K, reserved 1048576K
GC Heap History (20 events):
Event: 99.568 GC heap before
{Heap before GC invocations=34 (full 0):
 garbage-first heap   total 61440K, used 55336K [0x0000000084a00000, 0x0000000100000000)
  region size 1024K, 26 young (26624K), 2 survivors (2048K)
 Metaspace       used 77199K, committed 77952K, reserved 1179648K
  class space    used 9850K, committed 10176K, reserved 1048576K
}
Event: 99.572 GC heap after
{Heap after GC invocations=35 (full 0):
 garbage-first heap   total 61440K, used 30783K [0x0000000084a00000, 0x0000000100000000)
  region size 1024K, 2 young (2048K), 2 survivors (2048K)
 Metaspace       used 77199K, committed 77952K, reserved 1179648K
  class space    used 9850K, committed 10176K, reserved 1048576K
}
Event: 101.369 GC heap before
{Heap before GC invocations=35 (full 0):
 garbage-first heap   total 61440K, used 55359K [0x0000000084a00000, 0x0000000100000000)
  region size 1024K, 26 young (26624K), 2 survivors (2048K)
 Metaspace       used 77202K, committed 77952K, reserved 1179648K
  class space    used 9851K, committed 10176K, reserved 1048576K
}
Event: 101.375 GC heap after
{Heap after GC invocations=36 (full 0):
 garbage-first heap   total 61440K, used 30620K [0x0000000084a00000, 0x0000000100000000)
  region size 1024K, 2 young (2048K), 2 survivors (2048K)
 Metaspace       used 77202K, committed 77952K, reserved 1179648K
  class space    used 9851K, committed 10176K, reserved 1048576K
}
Event: 103.096 GC heap before
{Heap before GC invocations=36 (full 0):
 garbage-first heap   total 61440K, used 55196K [0x0000000084a00000, 0x0000000100000000)
  region size 1024K, 26 young (26624K), 2 survivors (2048K)
 Metaspace       used 77204K, committed 77952K, reserved 1179648K
  class space    used 9851K, committed 10176K, reserved 1048576K
}
Event: 103.104 GC heap after
{Heap after GC invocations=37 (full 0):
 garbage-first heap   total 61440K, used 30607K [0x0000000084a00000, 0x0000000100000000)
  region size 1024K, 2 young (2048K), 2 survivors (2048K)
 Metaspace       used 77204K, committed 77952K, reserved 1179648K
  class space    used 9851K, committed 10176K, reserved 1048576K
}
Event: 105.674 GC heap before
{Heap before GC invocations=38 (full 0):
 garbage-first heap   total 61440K, used 54159K [0x0000000084a00000, 0x0000000100000000)
  region size 1024K, 26 young (26624K), 2 survivors (2048K)
 Metaspace       used 77204K, committed 77952K, reserved 1179648K
  class space    used 9851K, committed 10176K, reserved 1048576K
}
Event: 105.681 GC heap after
{Heap after GC invocations=39 (full 0):
 garbage-first heap   total 61440K, used 30651K [0x0000000084a00000, 0x0000000100000000)
  region size 1024K, 1 young (1024K), 1 survivors (1024K)
 Metaspace       used 77204K, committed 77952K, reserved 1179648K
  class space    used 9851K, committed 10176K, reserved 1048576K
}
Event: 107.670 GC heap before
{Heap before GC invocations=39 (full 0):
 garbage-first heap   total 61440K, used 56251K [0x0000000084a00000, 0x0000000100000000)
  region size 1024K, 26 young (26624K), 1 survivors (1024K)
 Metaspace       used 77207K, committed 77952K, reserved 1179648K
  class space    used 9851K, committed 10176K, reserved 1048576K
}
Event: 107.674 GC heap after
{Heap after GC invocations=40 (full 0):
 garbage-first heap   total 61440K, used 30568K [0x0000000084a00000, 0x0000000100000000)
  region size 1024K, 1 young (1024K), 1 survivors (1024K)
 Metaspace       used 77207K, committed 77952K, reserved 1179648K
  class space    used 9851K, committed 10176K, reserved 1048576K
}
Event: 109.944 GC heap before
{Heap before GC invocations=40 (full 0):
 garbage-first heap   total 61440K, used 56168K [0x0000000084a00000, 0x0000000100000000)
  region size 1024K, 26 young (26624K), 1 survivors (1024K)
 Metaspace       used 77229K, committed 77952K, reserved 1179648K
  class space    used 9851K, committed 10176K, reserved 1048576K
}
Event: 109.946 GC heap after
{Heap after GC invocations=41 (full 0):
 garbage-first heap   total 61440K, used 30613K [0x0000000084a00000, 0x0000000100000000)
  region size 1024K, 1 young (1024K), 1 survivors (1024K)
 Metaspace       used 77229K, committed 77952K, reserved 1179648K
  class space    used 9851K, committed 10176K, reserved 1048576K
}
Event: 112.341 GC heap before
{Heap before GC invocations=42 (full 0):
 garbage-first heap   total 61440K, used 56213K [0x0000000084a00000, 0x0000000100000000)
  region size 1024K, 26 young (26624K), 1 survivors (1024K)
 Metaspace       used 77229K, committed 77952K, reserved 1179648K
  class space    used 9851K, committed 10176K, reserved 1048576K
}
Event: 112.342 GC heap after
{Heap after GC invocations=43 (full 0):
 garbage-first heap   total 61440K, used 30678K [0x0000000084a00000, 0x0000000100000000)
  region size 1024K, 1 young (1024K), 1 survivors (1024K)
 Metaspace       used 77229K, committed 77952K, reserved 1179648K
  class space    used 9851K, committed 10176K, reserved 1048576K
}
Event: 114.283 GC heap before
{Heap before GC invocations=43 (full 0):
 garbage-first heap   total 61440K, used 56278K [0x0000000084a00000, 0x0000000100000000)
  region size 1024K, 26 young (26624K), 1 survivors (1024K)
 Metaspace       used 77231K, committed 77952K, reserved 1179648K
  class space    used 9851K, committed 10176K, reserved 1048576K
}
Event: 114.286 GC heap after
{Heap after GC invocations=44 (full 0):
 garbage-first heap   total 61440K, used 30543K [0x0000000084a00000, 0x0000000100000000)
  region size 1024K, 1 young (1024K), 1 survivors (1024K)
 Metaspace       used 77231K, committed 77952K, reserved 1179648K
  class space    used 9851K, committed 10176K, reserved 1048576K
}
Event: 116.167 GC heap before
{Heap before GC invocations=44 (full 0):
 garbage-first heap   total 61440K, used 56143K [0x0000000084a00000, 0x0000000100000000)
  region size 1024K, 26 young (26624K), 1 survivors (1024K)
 Metaspace       used 77236K, committed 77952K, reserved 1179648K
  class space    used 9851K, committed 10176K, reserved 1048576K
}
Event: 116.169 GC heap after
{Heap after GC invocations=45 (full 0):
 garbage-first heap   total 61440K, used 30632K [0x0000000084a00000, 0x0000000100000000)
  region size 1024K, 1 young (1024K), 1 survivors (1024K)
 Metaspace       used 77236K, committed 77952K, reserved 1179648K
  class space    used 9851K, committed 10176K, reserved 1048576K
}
Event: 118.277 GC heap before
{Heap before GC invocations=46 (full 0):
 garbage-first heap   total 61440K, used 56232K [0x0000000084a00000, 0x0000000100000000)
  region size 1024K, 26 young (26624K), 1 survivors (1024K)
 Metaspace       used 77240K, committed 77952K, reserved 1179648K
  class space    used 9851K, committed 10176K, reserved 1048576K
}
Event: 118.278 GC heap after
{Heap after GC invocations=47 (full 0):
 garbage-first heap   total 61440K, used 30640K [0x0000000084a00000, 0x0000000100000000)
  region size 1024K, 1 young (1024K), 1 survivors (1024K)
 Metaspace       used 77240K, committed 77952K, reserved 1179648K
  class space    used 9851K, committed 10176K, reserved 1048576K
}

