# JRE version: Java(TM) SE Runtime Environment (20.0.1+9) (build 20.0.1+9-29)
# Java VM: Java HotSpot(TM) 64-Bit Server VM (20.0.1+9-29, mixed mode, sharing, tiered, compressed oops, compressed class ptrs, g1 gc, windows-amd64)
GC Precious Log:
 CardTable entry size: 512
 Card Set container configuration: InlinePtr #cards 5 size 8 Array Of Cards #cards 12 size 40 Howl #buckets 4 coarsen threshold 1843 Howl Bitmap #cards 512 size 80 coarsen threshold 460 Card regions per heap region 1 cards per card region 2048
 CPUs: 8 total, 8 available
 Memory: 7888M
 Large Page Support: Disabled
 NUMA Support: Disabled
 Compressed Oops: Enabled (32-bit)
 Heap Region Size: 1M
 Heap Min Capacity: 8M
 Heap Initial Capacity: 124M
 Heap Max Capacity: 1974M
 Pre-touch: Disabled
 Parallel Workers: 8
 Concurrent Workers: 2
 Concurrent Refinement Workers: 8
 Periodic GC: Disabled
Heap:
 garbage-first heap   total 79872K, used 45600K [0x0000000084a00000, 0x0000000100000000)
  region size 1024K, 18 young (18432K), 1 survivors (1024K)
 Metaspace       used 77640K, committed 78336K, reserved 1179648K
  class space    used 9735K, committed 10176K, reserved 1048576K
GC Heap History (20 events):
Event: 3268.768 GC heap before
{Heap before GC invocations=27 (full 0):
 garbage-first heap   total 66560K, used 59351K [0x0000000084a00000, 0x0000000100000000)
  region size 1024K, 30 young (30720K), 2 survivors (2048K)
 Metaspace       used 77599K, committed 78272K, reserved 1179648K
  class space    used 9729K, committed 10176K, reserved 1048576K
}
Event: 3268.778 GC heap after
{Heap after GC invocations=28 (full 0):
 garbage-first heap   total 66560K, used 30367K [0x0000000084a00000, 0x0000000100000000)
  region size 1024K, 2 young (2048K), 2 survivors (2048K)
 Metaspace       used 77599K, committed 78272K, reserved 1179648K
  class space    used 9729K, committed 10176K, reserved 1048576K
}
Event: 3269.570 GC heap before
{Heap before GC invocations=28 (full 0):
 garbage-first heap   total 66560K, used 60063K [0x0000000084a00000, 0x0000000100000000)
  region size 1024K, 31 young (31744K), 2 survivors (2048K)
 Metaspace       used 77605K, committed 78272K, reserved 1179648K
  class space    used 9730K, committed 10176K, reserved 1048576K
}
Event: 3269.574 GC heap after
{Heap after GC invocations=29 (full 0):
 garbage-first heap   total 66560K, used 30402K [0x0000000084a00000, 0x0000000100000000)
  region size 1024K, 2 young (2048K), 2 survivors (2048K)
 Metaspace       used 77605K, committed 78272K, reserved 1179648K
  class space    used 9730K, committed 10176K, reserved 1048576K
}
Event: 3270.423 GC heap before
{Heap before GC invocations=30 (full 0):
 garbage-first heap   total 66560K, used 60098K [0x0000000084a00000, 0x0000000100000000)
  region size 1024K, 31 young (31744K), 2 survivors (2048K)
 Metaspace       used 77614K, committed 78336K, reserved 1179648K
  class space    used 9731K, committed 10176K, reserved 1048576K
}
Event: 3270.425 GC heap after
{Heap after GC invocations=31 (full 0):
 garbage-first heap   total 66560K, used 30372K [0x0000000084a00000, 0x0000000100000000)
  region size 1024K, 2 young (2048K), 2 survivors (2048K)
 Metaspace       used 77614K, committed 78336K, reserved 1179648K
  class space    used 9731K, committed 10176K, reserved 1048576K
}
Event: 3272.379 GC heap before
{Heap before GC invocations=31 (full 0):
 garbage-first heap   total 66560K, used 60068K [0x0000000084a00000, 0x0000000100000000)
  region size 1024K, 31 young (31744K), 2 survivors (2048K)
 Metaspace       used 77614K, committed 78336K, reserved 1179648K
  class space    used 9731K, committed 10176K, reserved 1048576K
}
Event: 3272.387 GC heap after
{Heap after GC invocations=32 (full 0):
 garbage-first heap   total 79872K, used 29711K [0x0000000084a00000, 0x0000000100000000)
  region size 1024K, 2 young (2048K), 2 survivors (2048K)
 Metaspace       used 77614K, committed 78336K, reserved 1179648K
  class space    used 9731K, committed 10176K, reserved 1048576K
}
Event: 3273.674 GC heap before
{Heap before GC invocations=32 (full 0):
 garbage-first heap   total 79872K, used 71695K [0x0000000084a00000, 0x0000000100000000)
  region size 1024K, 43 young (44032K), 2 survivors (2048K)
 Metaspace       used 77614K, committed 78336K, reserved 1179648K
  class space    used 9731K, committed 10176K, reserved 1048576K
}
Event: 3273.676 GC heap after
{Heap after GC invocations=33 (full 0):
 garbage-first heap   total 79872K, used 29735K [0x0000000084a00000, 0x0000000100000000)
  region size 1024K, 2 young (2048K), 2 survivors (2048K)
 Metaspace       used 77614K, committed 78336K, reserved 1179648K
  class space    used 9731K, committed 10176K, reserved 1048576K
}
Event: 3274.518 GC heap before
{Heap before GC invocations=34 (full 0):
 garbage-first heap   total 79872K, used 71719K [0x0000000084a00000, 0x0000000100000000)
  region size 1024K, 43 young (44032K), 2 survivors (2048K)
 Metaspace       used 77618K, committed 78336K, reserved 1179648K
  class space    used 9733K, committed 10176K, reserved 1048576K
}
Event: 3274.520 GC heap after
{Heap after GC invocations=35 (full 0):
 garbage-first heap   total 79872K, used 29737K [0x0000000084a00000, 0x0000000100000000)
  region size 1024K, 2 young (2048K), 2 survivors (2048K)
 Metaspace       used 77618K, committed 78336K, reserved 1179648K
  class space    used 9733K, committed 10176K, reserved 1048576K
}
Event: 3275.497 GC heap before
{Heap before GC invocations=35 (full 0):
 garbage-first heap   total 79872K, used 71721K [0x0000000084a00000, 0x0000000100000000)
  region size 1024K, 43 young (44032K), 2 survivors (2048K)
 Metaspace       used 77620K, committed 78336K, reserved 1179648K
  class space    used 9733K, committed 10176K, reserved 1048576K
}
Event: 3275.504 GC heap after
{Heap after GC invocations=36 (full 0):
 garbage-first heap   total 79872K, used 29357K [0x0000000084a00000, 0x0000000100000000)
  region size 1024K, 2 young (2048K), 2 survivors (2048K)
 Metaspace       used 77620K, committed 78336K, reserved 1179648K
  class space    used 9733K, committed 10176K, reserved 1048576K
}
Event: 3276.500 GC heap before
{Heap before GC invocations=36 (full 0):
 garbage-first heap   total 79872K, used 72365K [0x0000000084a00000, 0x0000000100000000)
  region size 1024K, 44 young (45056K), 2 survivors (2048K)
 Metaspace       used 77628K, committed 78336K, reserved 1179648K
  class space    used 9733K, committed 10176K, reserved 1048576K
}
Event: 3276.503 GC heap after
{Heap after GC invocations=37 (full 0):
 garbage-first heap   total 79872K, used 29485K [0x0000000084a00000, 0x0000000100000000)
  region size 1024K, 2 young (2048K), 2 survivors (2048K)
 Metaspace       used 77628K, committed 78336K, reserved 1179648K
  class space    used 9733K, committed 10176K, reserved 1048576K
}
Event: 3277.596 GC heap before
{Heap before GC invocations=38 (full 0):
 garbage-first heap   total 79872K, used 71469K [0x0000000084a00000, 0x0000000100000000)
  region size 1024K, 43 young (44032K), 2 survivors (2048K)
 Metaspace       used 77629K, committed 78336K, reserved 1179648K
  class space    used 9733K, committed 10176K, reserved 1048576K
}
Event: 3277.599 GC heap after
{Heap after GC invocations=39 (full 0):
 garbage-first heap   total 79872K, used 29485K [0x0000000084a00000, 0x0000000100000000)
  region size 1024K, 1 young (1024K), 1 survivors (1024K)
 Metaspace       used 77629K, committed 78336K, reserved 1179648K
  class space    used 9733K, committed 10176K, reserved 1048576K
}
Event: 3287.536 GC heap before
{Heap before GC invocations=39 (full 0):
 garbage-first heap   total 79872K, used 72493K [0x0000000084a00000, 0x0000000100000000)
  region size 1024K, 43 young (44032K), 1 survivors (1024K)
 Metaspace       used 77640K, committed 78336K, reserved 1179648K
  class space    used 9735K, committed 10176K, reserved 1048576K
}
Event: 3287.543 GC heap after
{Heap after GC invocations=40 (full 0):
 garbage-first heap   total 79872K, used 29216K [0x0000000084a00000, 0x0000000100000000)
  region size 1024K, 1 young (1024K), 1 survivors (1024K)
 Metaspace       used 77640K, committed 78336K, reserved 1179648K
  class space    used 9735K, committed 10176K, reserved 1048576K
}

